<?xml version="1.0" encoding="UTF-8"?>
<!-- Generated by org.testng.reporters.JUnitReportReporter -->
<testsuite hostname="Divyas-MBP" failures="0" tests="4" name="TestLibraryAPI" time="5.031" errors="0" timestamp="2021-05-23T10:24:47 IST" skipped="0">
  <testcase classname="TestLibraryAPI" name="testDeleteBook" time="1.120"/>
  <system-out/>
  <testcase classname="TestLibraryAPI" name="testGetBookByID" time="1.951"/>
  <system-out/>
  <testcase classname="TestLibraryAPI" name="testAddBook" time="1.209"/>
  <system-out/>
  <testcase classname="TestLibraryAPI" name="testGetBookByAuthor" time="0.751"/>
  <system-out/>
</testsuite> <!-- TestLibraryAPI -->
